[growstudio-template.webflow.io/home.html]
[backblue.gif]
[fade.gif]
[index.html]
[cdn.prod.website-files.com/6716051c7e279a14d3641f31/css/growstudio-template.webflow.490f057b0.css]
[ajax.googleapis.com/ajax/libs/webfont/1.6.26/webfont.js]
[growstudio-template.webflow.io/about.html]
[growstudio-template.webflow.io/works.html]
[growstudio-template.webflow.io/services.html]
[growstudio-template.webflow.io/blogs.html]
[growstudio-template.webflow.io/pricing.html]
[growstudio-template.webflow.io/work-posts/nextgen-nexus.html]
[growstudio-template.webflow.io/service-post/media-strategy.html]
[growstudio-template.webflow.io/blog-posts/boost-your-brand-with-digital-marketing-trends.html]
[growstudio-template.webflow.io/contact.html]
[growstudio-template.webflow.io/template-pages/style-guide.html]
[growstudio-template.webflow.io/template-pages/changelog.html]
[growstudio-template.webflow.io/404.html]
[cdn.prod.website-files.com/6716051c7e279a14d3641f31/671fad9d2dd127af91ef6aad_drives-image-01.jpg]
[cdn.prod.website-files.com/6716051c7e279a14d3641f31/671fad9c2dd127af91ef6a78_drives-image-02.jpg]
[cdn.prod.website-files.com/6716051c7e279a14d3641f31/671fad9c2dd127af91ef6a93_drives-image-03.jpg]
[cdn.prod.website-files.com/6716051c7e279a14d3641f31/671fad9d2dd127af91ef6aed_drives-image-04.jpg]
[growstudio-template.webflow.io/service-post/email-marketing.html]
[growstudio-template.webflow.io/service-post/affilate-marketing.html]
[growstudio-template.webflow.io/service-post/marketing-analytics.html]
[growstudio-template.webflow.io/service-post/content-marketing.html]
[cdn.prod.website-files.com/6717bc853e61bfe8e07aeef1/671d11d979fab7c290da73a6_work-image-6.jpg]
[cdn.prod.website-files.com/6717bc853e61bfe8e07aeef1/671d11a56ed0314dd3f87a20_work-image-5.jpg]
[growstudio-template.webflow.io/work-posts/digital-pulse-lab.html]
[cdn.prod.website-files.com/6717bc853e61bfe8e07aeef1/671d11670f6b41c5c4b8af67_work-image-4.jpg]
[growstudio-template.webflow.io/work-posts/visionary-vibe.html]
[cdn.prod.website-files.com/6717bc853e61bfe8e07aeef1/671d112d97b8dcb9cbdd22ba_work-image-3.jpg]
[cdn.prod.website-files.com/6717bc853e61bfe8e07aeef1/67191d94301d5c96c307496c_blog-image-6.jpg]
[cdn.prod.website-files.com/6717bc853e61bfe8e07aeef1/67191d47e6909827c6aa6e4d_blog-image-5.jpg]
[cdn.prod.website-files.com/6717bc853e61bfe8e07aeef1/67191cc4049b89fff417be9c_blog-image-4.jpg]
[growstudio-template.webflow.io/blog-posts/mastering-digital-marketing-strategies-for-success.html]
[d3e54v103j8qbb.cloudfront.net/js/jquery-3.5.1.min.dc5e7f18c8d189.js]
[growstudio-template.webflow.io/home.html]
[cdn.prod.website-files.com/6716051c7e279a14d3641f31/js/webflow.963a62bc3.js]
[cdn.prod.website-files.com/6716051c7e279a14d3641f31/6716783d254504dacfaf9b0d_cta-bg.jpg]
[cdn.prod.website-files.com/6716051c7e279a14d3641f31/671784c5a39e50656241023f_hero-bg.jpg]
[cdn.prod.website-files.com/6716051c7e279a14d3641f31/67202ac2119fb7e0980b8236_service-bg.jpg]
[cdn.prod.website-files.com/6716051c7e279a14d3641f31/6720b5450c3379f320f89469_Slider-bg.jpg]
[cdn.prod.website-files.com/6716051c7e279a14d3641f31/671792ac952a632e3ebc78ed_counter-shape.jpg]
[cdn.prod.website-files.com/6716051c7e279a14d3641f31/css/growstudio-template.webflow.490f057b0.css]
[cdn.prod.website-files.com/6716051c7e279a14d3641f31/671e525584930b90af970354_vedio-image.jpg]
[cdn.prod.website-files.com/6716051c7e279a14d3641f31/671fa2e0421184115de3aa75_honors-image-01.jpg]
[cdn.prod.website-files.com/6716051c7e279a14d3641f31/671fa2e0421184115de3aaa0_honors-image-02.jpg]
[cdn.prod.website-files.com/6716051c7e279a14d3641f31/671fa2e1421184115de3aab2_honors-image-03.jpg]
[cdn.prod.website-files.com/6716051c7e279a14d3641f31/671fa2e1421184115de3aad5_honors-image-04.jpg]
[cdn.prod.website-files.com/6716051c7e279a14d3641f31/671e2db557ff4ac8d1f922ff_team-image-4.jpg]
[cdn.prod.website-files.com/6716051c7e279a14d3641f31/671e2db41b6a9d23983ef8b6_team-image-3.jpg]
[cdn.prod.website-files.com/6716051c7e279a14d3641f31/671e2db4152a21c91a59c76d_team-image-2.jpg]
[cdn.prod.website-files.com/6716051c7e279a14d3641f31/671e2db499e31438b2b09f11_team-image-1.jpg]
[growstudio-template.webflow.io/about.html]
[growstudio-template.webflow.io/work-posts/neuralab.html]
[cdn.prod.website-files.com/6717bc853e61bfe8e07aeef1/671d10d397b8dcb9cbdcd7f1_work-image-2.jpg]
[cdn.prod.website-files.com/6717bc853e61bfe8e07aeef1/671d09b3faeb119d8d5097a8_work-image-1.jpg]
[growstudio-template.webflow.io/works.html]
[growstudio-template.webflow.io/services.html]
[growstudio-template.webflow.io/blog-category/marketing.html]
[growstudio-template.webflow.io/blog-category/analysis.html]
[growstudio-template.webflow.io/blog-category/design.html]
[cdn.prod.website-files.com/6717bc853e61bfe8e07aeef1/67191c3dc3313392487d9dcf_blog-image-3.jpg]
[growstudio-template.webflow.io/blog-posts/how-to-create-a-winning-digital-marketing-plan.html]
[cdn.prod.website-files.com/6717bc853e61bfe8e07aeef1/67191ba1a3671f3583c2acb9_blog-image-2.jpg]
[growstudio-template.webflow.io/blog-posts/the-future-of-digital-marketing-trends-you-cant-ignore.html]
[cdn.prod.website-files.com/6717bc853e61bfe8e07aeef1/67190f66fb378f6f7e241d68_blog-image-1.jpg]
[growstudio-template.webflow.io/blogs.html]
[growstudio-template.webflow.io/blog-posts/mastering-digital-marketing-to-boost-your-brands-online.html]
[growstudio-template.webflow.io/product/basic-plan.html]
[growstudio-template.webflow.io/product/business-plan.html]
[growstudio-template.webflow.io/pricing.html]
[growstudio-template.webflow.io/product/enterprise.html]
[cdn.prod.website-files.com/6717bc853e61bfe8e07aeef1/671d11e37dbddf2acd34619f_work-details-image-6.jpg]
[cdn.prod.website-files.com/6717bc853e61bfe8e07aeef1/671d10627ec268522865b6b7_671d0bb1e5ee65bfdd5f9dad_common-image.jpg]
[growstudio-template.webflow.io/work-posts/nextgen-nexus.html]
[cdn.prod.website-files.com/6717bc853e61bfe8e07aeef1/6717c65a43acf2015f11448f_service-image-6.jpg]
[cdn.prod.website-files.com/6717bc853e61bfe8e07aeef1/6717bf2be09b462b2ecffa14_inner-image-01.jpg]
[cdn.prod.website-files.com/6717bc853e61bfe8e07aeef1/6717bf3268369f93e9b9d835_inner-image-02.jpg]
[growstudio-template.webflow.io/service-post/media-strategy.html]
[cdn.prod.website-files.com/6717bc853e61bfe8e07aeef1/67191dcc9780858e21727422_blog-details-image-6.jpg]
[growstudio-template.webflow.io/blog-posts/boost-your-brand-with-digital-marketing-trends.html]
[growstudio-template.webflow.io/contact.html]
[growstudio-template.webflow.io/template-pages/style-guide.html]
[growstudio-template.webflow.io/template-pages/changelog.html]
[growstudio-template.webflow.io/404.html]
[cdn.prod.website-files.com/6717bc853e61bfe8e07aeef1/6717c629be15d4c9faa2da3e_service-image-5.jpg]
[growstudio-template.webflow.io/service-post/email-marketing.html]
[cdn.prod.website-files.com/6717bc853e61bfe8e07aeef1/6717c5eb4f75ec100ad4c85d_service-image-4.jpg]
[growstudio-template.webflow.io/service-post/affilate-marketing.html]
[cdn.prod.website-files.com/6717bc853e61bfe8e07aeef1/6717c57dbb3ef3eee7b4b38a_service-image-3.jpg]
[growstudio-template.webflow.io/service-post/marketing-analytics.html]
[cdn.prod.website-files.com/6717bc853e61bfe8e07aeef1/6717c54cfe82a6a0f25a2bd7_service-image-2.jpg]
[growstudio-template.webflow.io/service-post/content-marketing.html]
[cdn.prod.website-files.com/6717bc853e61bfe8e07aeef1/671d117097b8dcb9cbdd5274_work-details-image-4.jpg]
[growstudio-template.webflow.io/work-posts/digital-pulse-lab.html]
[cdn.prod.website-files.com/6717bc853e61bfe8e07aeef1/671d1135e5ee65bfdd63d827_work-details-image-3.jpg]
[growstudio-template.webflow.io/work-posts/visionary-vibe.html]
[cdn.prod.website-files.com/6717bc853e61bfe8e07aeef1/67191ceee7cd9e25b2beb163_blog-details-image-4.jpg]
[growstudio-template.webflow.io/blog-posts/mastering-digital-marketing-strategies-for-success.html]
[cdn.prod.website-files.com/6717bc853e61bfe8e07aeef1/671d10dd334ccacfa6ef0aeb_work-details-image-2.jpg]
[growstudio-template.webflow.io/work-posts/neuralab.html]
[growstudio-template.webflow.io/blog-category/marketing.html]
[growstudio-template.webflow.io/blog-category/analysis.html]
[growstudio-template.webflow.io/blog-category/design.html]
[cdn.prod.website-files.com/6717bc853e61bfe8e07aeef1/67191c59a5b412ee1f260403_blog-details-image-3.jpg]
[growstudio-template.webflow.io/blog-posts/how-to-create-a-winning-digital-marketing-plan.html]
[cdn.prod.website-files.com/6717bc853e61bfe8e07aeef1/67191bbe8def67f088e0dcd9_blog-details-image-2.jpg]
[growstudio-template.webflow.io/blog-posts/the-future-of-digital-marketing-trends-you-cant-ignore.html]
[cdn.prod.website-files.com/6717bc853e61bfe8e07aeef1/67190f719512bf11f7dc0020_blog-details-image-1.jpg]
[growstudio-template.webflow.io/blog-posts/mastering-digital-marketing-to-boost-your-brands-online.html]
[growstudio-template.webflow.io/product/basic-plan.html]
[growstudio-template.webflow.io/product/business-plan.html]
[growstudio-template.webflow.io/product/enterprise.html]
[growstudio-template.webflow.io/template-pages/license.html]
[growstudio-template.webflow.io/401.html]
[growstudio-template.webflow.io/checkout.html]
[growstudio-template.webflow.io/service-post/mobile-marketing.html]
[growstudio-template.webflow.io/work-posts/ecosphere-solutions.html]
[growstudio-template.webflow.io/blog-posts/digital-marketing-top-key-tips-for-beginners.html]
[growstudio-template.webflow.io/work-posts/pixelwave.html]
[growstudio-template.webflow.io/index.html]
